<?xml version="1.0" encoding="UTF-8"?>
<!-- Generated by org.testng.reporters.JUnitReportReporter -->
<testsuite hostname="DESKTOP-C19AETB" failures="0" tests="1" name="test.LoginTest" time="0.489" errors="0" timestamp="13 4æœˆ 2021 09:58:46 GMT" skipped="0">
  <testcase classname="test.LoginTest" name="loginTest" time="0.489"/>
</testsuite> <!-- test.LoginTest -->
