<?xml version="1.0" encoding="UTF-8"?>
<!-- Generated by org.testng.reporters.JUnitReportReporter -->
<testsuite hostname="DESKTOP-C19AETB" failures="0" tests="1" name="com.mytest.httpclient.test.testGet" time="1.972" errors="0" timestamp="2021-03-29T11:30:03 CST" skipped="0">
  <testcase classname="com.mytest.httpclient.test.testGet" name="getTest" time="1.972"/>
  <system-out/>
</testsuite> <!-- com.mytest.httpclient.test.testGet -->
